[INFO] [2017-08-30 19:08:33][com.jizg.common.cache.CacheUtils]put testCache1 in cacheWrapperMap({testCache1=com.jizg.common.cache.CacheWrapper@3d04a311})
[INFO] [2017-08-30 19:08:33][com.jizg.common.cache.CacheUtils]init cacheWarpper testCache1 end !!!
[INFO] [2017-08-30 19:08:33][com.jizg.common.cache.CacheUtils]取到缓存对象，testCache1
[INFO] [2017-08-30 20:25:03][com.jizg.common.cache.CacheUtils]put testCache1 in cacheWrapperMap({testCache1=com.jizg.common.cache.CacheWrapper@2a742aa2})
[INFO] [2017-08-30 20:25:26][com.jizg.common.cache.CacheUtils]init cacheWarpper testCache1 end !!!
[INFO] [2017-08-30 20:25:26][com.jizg.common.cache.CacheUtils]取到缓存对象，testCache1
[INFO] [2017-08-30 20:36:00][com.jizg.common.cache.CacheUtils]put testCache1 in cacheWrapperMap({testCache1=com.jizg.common.cache.CacheWrapper@2173f6d9})
[INFO] [2017-08-30 20:36:08][com.jizg.common.cache.CacheUtils]init cacheWarpper testCache1 end !!!
[INFO] [2017-08-30 20:36:23][com.jizg.common.cache.CacheUtils]取到缓存对象，testCache1
[INFO] [2017-08-30 20:53:17][com.jizg.common.cache.CacheUtils]put testCache1 in cacheWrapperMap({testCache1=com.jizg.common.cache.CacheWrapper@2173f6d9})
[INFO] [2017-08-30 20:53:20][com.jizg.common.cache.CacheUtils]init cacheWarpper testCache1 end !!!
[INFO] [2017-08-30 20:53:25][com.jizg.common.cache.CacheUtils]取到缓存对象，testCache1
[INFO] [2017-08-30 20:53:52][com.jizg.common.cache.CacheUtils]put testCache1 in cacheWrapperMap({testCache1=com.jizg.common.cache.CacheWrapper@2173f6d9})
[INFO] [2017-08-30 20:53:53][com.jizg.common.cache.CacheUtils]init cacheWarpper testCache1 end !!!
[INFO] [2017-08-30 20:53:53][com.jizg.common.cache.CacheUtils]取到缓存对象，testCache1
[INFO] [2017-08-30 20:54:17][com.jizg.common.cache.CacheUtils]put testCache1 in cacheWrapperMap({testCache1=com.jizg.common.cache.CacheWrapper@2173f6d9})
[INFO] [2017-08-30 20:54:17][com.jizg.common.cache.CacheUtils]init cacheWarpper testCache1 end !!!
[INFO] [2017-08-30 20:54:18][com.jizg.common.cache.CacheUtils]取到缓存对象，testCache1
[INFO] [2017-08-30 20:54:47][com.jizg.common.cache.CacheUtils]put testCache1 in cacheWrapperMap({testCache1=com.jizg.common.cache.CacheWrapper@2173f6d9})
[INFO] [2017-08-30 20:54:47][com.jizg.common.cache.CacheUtils]init cacheWarpper testCache1 end !!!
[INFO] [2017-08-30 20:54:48][com.jizg.common.cache.CacheUtils]取到缓存对象，testCache1
[INFO] [2017-08-30 20:55:13][com.jizg.common.cache.CacheUtils]put testCache1 in cacheWrapperMap({testCache1=com.jizg.common.cache.CacheWrapper@2173f6d9})
[INFO] [2017-08-30 20:55:14][com.jizg.common.cache.CacheUtils]init cacheWarpper testCache1 end !!!
[INFO] [2017-08-30 20:55:15][com.jizg.common.cache.CacheUtils]取到缓存对象，testCache1
[INFO] [2017-08-30 20:55:59][com.jizg.common.cache.CacheUtils]put testCache1 in cacheWrapperMap({testCache1=com.jizg.common.cache.CacheWrapper@2173f6d9})
[INFO] [2017-08-30 20:56:00][com.jizg.common.cache.CacheUtils]init cacheWarpper testCache1 end !!!
[INFO] [2017-08-30 20:56:01][com.jizg.common.cache.CacheUtils]取到缓存对象，testCache1
[INFO] [2017-08-30 20:57:43][com.jizg.common.cache.CacheUtils]put testCache1 in cacheWrapperMap({testCache1=com.jizg.common.cache.CacheWrapper@2173f6d9})
[INFO] [2017-08-30 20:57:46][com.jizg.common.cache.CacheUtils]init cacheWarpper testCache1 end !!!
[INFO] [2017-08-30 20:57:49][com.jizg.common.cache.CacheUtils]取到缓存对象，testCache1
[INFO] [2017-08-30 20:58:22][com.jizg.common.cache.CacheUtils]put testCache1 in cacheWrapperMap({testCache1=com.jizg.common.cache.CacheWrapper@2173f6d9})
[INFO] [2017-08-30 20:58:22][com.jizg.common.cache.CacheUtils]init cacheWarpper testCache1 end !!!
[INFO] [2017-08-30 20:58:23][com.jizg.common.cache.CacheUtils]取到缓存对象，testCache1
[INFO] [2017-08-30 20:59:10][com.jizg.common.cache.CacheUtils]put testCache1 in cacheWrapperMap({testCache1=com.jizg.common.cache.CacheWrapper@2173f6d9})
[INFO] [2017-08-30 20:59:11][com.jizg.common.cache.CacheUtils]init cacheWarpper testCache1 end !!!
[INFO] [2017-08-30 20:59:12][com.jizg.common.cache.CacheUtils]取到缓存对象，testCache1
[INFO] [2017-08-30 20:59:55][com.jizg.common.cache.CacheUtils]put testCache1 in cacheWrapperMap({testCache1=com.jizg.common.cache.CacheWrapper@2173f6d9})
[INFO] [2017-08-30 20:59:58][com.jizg.common.cache.CacheUtils]init cacheWarpper testCache1 end !!!
[INFO] [2017-08-30 20:59:58][com.jizg.common.cache.CacheUtils]取到缓存对象，testCache1
[INFO] [2017-08-30 21:00:42][com.jizg.common.cache.CacheUtils]put testCache1 in cacheWrapperMap({testCache1=com.jizg.common.cache.CacheWrapper@2173f6d9})
[INFO] [2017-08-30 21:00:42][com.jizg.common.cache.CacheUtils]init cacheWarpper testCache1 end !!!
[INFO] [2017-08-30 21:00:43][com.jizg.common.cache.CacheUtils]取到缓存对象，testCache1
[INFO] [2017-08-30 21:01:23][com.jizg.common.cache.CacheUtils]put testCache1 in cacheWrapperMap({testCache1=com.jizg.common.cache.CacheWrapper@2ff5659e})
[INFO] [2017-08-30 21:01:23][com.jizg.common.cache.CacheUtils]init cacheWarpper testCache1 end !!!
[INFO] [2017-08-30 21:01:23][com.jizg.common.cache.CacheUtils]取到缓存对象，testCache1
[INFO] [2017-08-30 22:07:25][com.jizg.common.cache.CacheUtils]put testCache1 in cacheWrapperMap({testCache1=com.jizg.common.cache.CacheWrapper@2173f6d9})
[INFO] [2017-08-30 22:07:28][com.jizg.common.cache.CacheUtils]init cacheWarpper testCache1 end !!!
[INFO] [2017-08-30 22:07:28][com.jizg.common.cache.CacheUtils]取到缓存对象，testCache1
[INFO] [2017-08-30 22:08:01][com.jizg.common.cache.CacheUtils]put testCache1 in cacheWrapperMap({testCache1=com.jizg.common.cache.CacheWrapper@2173f6d9})
[INFO] [2017-08-30 22:08:01][com.jizg.common.cache.CacheUtils]init cacheWarpper testCache1 end !!!
[INFO] [2017-08-30 22:08:02][com.jizg.common.cache.CacheUtils]取到缓存对象，testCache1
[INFO] [2017-08-30 22:11:09][com.jizg.common.cache.CacheUtils]put testCache1 in cacheWrapperMap({testCache1=com.jizg.common.cache.CacheWrapper@299a06ac})
[INFO] [2017-08-30 22:11:09][com.jizg.common.cache.CacheUtils]init cacheWarpper testCache1 end !!!
[INFO] [2017-08-30 22:11:09][com.jizg.common.cache.CacheUtils]取到缓存对象，testCache1
[INFO] [2017-08-30 22:11:43][com.jizg.common.cache.CacheUtils]put testCache1 in cacheWrapperMap({testCache1=com.jizg.common.cache.CacheWrapper@299a06ac})
[INFO] [2017-08-30 22:11:43][com.jizg.common.cache.CacheUtils]init cacheWarpper testCache1 end !!!
[INFO] [2017-08-30 22:11:43][com.jizg.common.cache.CacheUtils]取到缓存对象，testCache1
[INFO] [2017-08-30 22:19:16][com.jizg.common.cache.SchedulerUtil] initScheduleTestCache 
[ERROR] [2017-08-30 22:19:16][com.jizg.common.cache.CacheUtils]没有缓存对象，testCache1
[INFO] [2017-08-30 22:19:58][com.jizg.common.cache.SchedulerUtil] initScheduleTestCache 
[ERROR] [2017-08-30 22:20:31][com.jizg.common.cache.CacheUtils]没有缓存对象，testCache1
[INFO] [2017-08-30 22:21:11][com.jizg.common.cache.SchedulerUtil] initScheduleTestCache 
[ERROR] [2017-08-30 22:21:20][com.jizg.common.cache.CacheUtils]没有缓存对象，testCache1
[INFO] [2017-08-30 23:41:15][com.jizg.common.cache.SchedulerUtil] initScheduleTestCache 
[ERROR] [2017-08-30 23:41:40][com.jizg.common.cache.CacheUtils]没有缓存对象，testCache1
[INFO] [2017-08-30 23:43:50][com.jizg.common.cache.SchedulerUtil] initScheduleTestCache 
[ERROR] [2017-08-30 23:44:00][com.jizg.common.cache.CacheUtils]没有缓存对象，testCache1
[INFO] [2017-08-30 23:45:33][com.jizg.common.cache.CacheUtils]put testCache1 in cacheWrapperMap({testCache1=com.jizg.common.cache.CacheWrapper@299a06ac})
[INFO] [2017-08-30 23:45:33][com.jizg.common.cache.CacheUtils]init cacheWarpper testCache1 end !!!
[INFO] [2017-08-30 23:45:33][com.jizg.common.cache.SchedulerUtil] initScheduleTestCache 
[INFO] [2017-08-30 23:45:33][com.jizg.common.cache.CacheUtils]取到缓存对象，testCache1
[INFO] [2017-08-30 23:45:33][com.jizg.common.cache.TestCacheSafeLifeSecondTask]1  随机取得cache key:test482 ,cache value：null
[INFO] [2017-08-30 23:46:23][com.jizg.common.cache.CacheUtils]put testCache1 in cacheWrapperMap({testCache1=com.jizg.common.cache.CacheWrapper@299a06ac})
[INFO] [2017-08-30 23:46:23][com.jizg.common.cache.CacheUtils]init cacheWarpper testCache1 end !!!
[INFO] [2017-08-30 23:46:23][com.jizg.common.cache.SchedulerUtil] initScheduleTestCache 
[INFO] [2017-08-30 23:46:23][com.jizg.common.cache.CacheUtils]取到缓存对象，testCache1
[INFO] [2017-08-30 23:46:23][com.jizg.common.cache.TestCacheSafeLifeSecondTask]1  随机取得cache key:test306 ,cache value：jizg306
[INFO] [2017-08-30 23:46:33][com.jizg.common.cache.CacheUtils]取到缓存对象，testCache1
[INFO] [2017-08-30 23:46:33][com.jizg.common.cache.TestCacheSafeLifeSecondTask]2  随机取得cache key:test275 ,cache value：null
[INFO] [2017-08-30 23:47:23][com.jizg.common.cache.CacheUtils]取到缓存对象，testCache1
[INFO] [2017-08-30 23:47:23][com.jizg.common.cache.TestCacheSafeLifeSecondTask]2  随机取得cache key:test102 ,cache value：jizg102
[INFO] [2017-08-30 23:47:33][com.jizg.common.cache.CacheUtils]取到缓存对象，testCache1
[INFO] [2017-08-30 23:47:33][com.jizg.common.cache.TestCacheSafeLifeSecondTask]3  随机取得cache key:test544 ,cache value：null
[INFO] [2017-08-30 23:48:23][com.jizg.common.cache.CacheUtils]取到缓存对象，testCache1
[INFO] [2017-08-30 23:48:23][com.jizg.common.cache.TestCacheSafeLifeSecondTask]3  随机取得cache key:test164 ,cache value：jizg164
[INFO] [2017-08-30 23:48:33][com.jizg.common.cache.CacheUtils]取到缓存对象，testCache1
[INFO] [2017-08-30 23:48:33][com.jizg.common.cache.TestCacheSafeLifeSecondTask]4  随机取得cache key:test621 ,cache value：null
[INFO] [2017-08-30 23:48:33][com.jizg.common.cache.CacheUtils]init cacheWarpper testCache1 end !!!
[INFO] [2017-08-30 23:49:23][com.jizg.common.cache.CacheUtils]取到缓存对象，testCache1
[INFO] [2017-08-30 23:49:23][com.jizg.common.cache.TestCacheSafeLifeSecondTask]4  随机取得cache key:test403 ,cache value：null
[INFO] [2017-08-30 23:49:23][com.jizg.common.cache.CacheUtils]init cacheWarpper testCache1 end !!!
[INFO] [2017-08-30 23:49:33][com.jizg.common.cache.CacheUtils]取到缓存对象，testCache1
[INFO] [2017-08-30 23:49:33][com.jizg.common.cache.TestCacheSafeLifeSecondTask]5  随机取得cache key:test782 ,cache value：null
[INFO] [2017-08-30 23:50:07][com.jizg.common.cache.CacheUtils]put testCache1 in cacheWrapperMap({testCache1=com.jizg.common.cache.CacheWrapper@299a06ac})
[INFO] [2017-08-30 23:50:07][com.jizg.common.cache.CacheUtils]init cacheWarpper testCache1 end !!!
[INFO] [2017-08-30 23:50:07][com.jizg.common.cache.CacheUtils]取到缓存对象，testCache1
[INFO] [2017-08-30 23:50:07][com.jizg.common.cache.SchedulerUtil] initScheduleTestCache 
[INFO] [2017-08-30 23:50:07][com.jizg.common.cache.CacheUtils]取到缓存对象，testCache1
[INFO] [2017-08-30 23:50:07][com.jizg.common.cache.TestCacheSafeLifeSecondTask]1  随机取得cache key:test948 ,cache value：jizg948
[INFO] [2017-08-30 23:50:23][com.jizg.common.cache.CacheUtils]取到缓存对象，testCache1
[INFO] [2017-08-30 23:50:23][com.jizg.common.cache.TestCacheSafeLifeSecondTask]5  随机取得cache key:test471 ,cache value：jizg471
[INFO] [2017-08-30 23:50:33][com.jizg.common.cache.CacheUtils]取到缓存对象，testCache1
[INFO] [2017-08-30 23:50:33][com.jizg.common.cache.TestCacheSafeLifeSecondTask]6  随机取得cache key:test111 ,cache value：null
[INFO] [2017-08-30 23:51:07][com.jizg.common.cache.CacheUtils]取到缓存对象，testCache1
[INFO] [2017-08-30 23:51:07][com.jizg.common.cache.TestCacheSafeLifeSecondTask]2  随机取得cache key:test860 ,cache value：jizg860
[INFO] [2017-08-30 23:51:23][com.jizg.common.cache.CacheUtils]取到缓存对象，testCache1
[INFO] [2017-08-30 23:51:23][com.jizg.common.cache.TestCacheSafeLifeSecondTask]6  随机取得cache key:test221 ,cache value：jizg221
[INFO] [2017-08-30 23:51:33][com.jizg.common.cache.CacheUtils]取到缓存对象，testCache1
[INFO] [2017-08-30 23:51:33][com.jizg.common.cache.TestCacheSafeLifeSecondTask]7  随机取得cache key:test421 ,cache value：null
[INFO] [2017-08-30 23:52:07][com.jizg.common.cache.CacheUtils]取到缓存对象，testCache1
[INFO] [2017-08-30 23:52:07][com.jizg.common.cache.TestCacheSafeLifeSecondTask]3  随机取得cache key:test898 ,cache value：jizg898
[INFO] [2017-08-30 23:52:23][com.jizg.common.cache.CacheUtils]取到缓存对象，testCache1
[INFO] [2017-08-30 23:52:23][com.jizg.common.cache.TestCacheSafeLifeSecondTask]7  随机取得cache key:test567 ,cache value：jizg567
[INFO] [2017-08-30 23:52:33][com.jizg.common.cache.CacheUtils]取到缓存对象，testCache1
[INFO] [2017-08-30 23:52:33][com.jizg.common.cache.TestCacheSafeLifeSecondTask]8  随机取得cache key:test266 ,cache value：null
[INFO] [2017-08-30 23:53:07][com.jizg.common.cache.CacheUtils]取到缓存对象，testCache1
[INFO] [2017-08-30 23:53:07][com.jizg.common.cache.TestCacheSafeLifeSecondTask]4  随机取得cache key:test841 ,cache value：null
[INFO] [2017-08-30 23:53:07][com.jizg.common.cache.CacheUtils]init cacheWarpper testCache1 end !!!
[INFO] [2017-08-30 23:53:23][com.jizg.common.cache.CacheUtils]取到缓存对象，testCache1
[INFO] [2017-08-30 23:53:23][com.jizg.common.cache.TestCacheSafeLifeSecondTask]8  随机取得cache key:test225 ,cache value：null
[INFO] [2017-08-30 23:53:33][com.jizg.common.cache.CacheUtils]取到缓存对象，testCache1
[INFO] [2017-08-30 23:53:33][com.jizg.common.cache.TestCacheSafeLifeSecondTask]9  随机取得cache key:test396 ,cache value：null
[INFO] [2017-08-30 23:54:07][com.jizg.common.cache.CacheUtils]取到缓存对象，testCache1
[INFO] [2017-08-30 23:54:07][com.jizg.common.cache.TestCacheSafeLifeSecondTask]5  随机取得cache key:test55 ,cache value：jizg55
[INFO] [2017-08-30 23:54:23][com.jizg.common.cache.CacheUtils]取到缓存对象，testCache1
[INFO] [2017-08-30 23:54:23][com.jizg.common.cache.TestCacheSafeLifeSecondTask]9  随机取得cache key:test30 ,cache value：null
[INFO] [2017-08-30 23:54:33][com.jizg.common.cache.CacheUtils]取到缓存对象，testCache1
[INFO] [2017-08-30 23:54:33][com.jizg.common.cache.TestCacheSafeLifeSecondTask]10  随机取得cache key:test368 ,cache value：null
[INFO] [2017-08-30 23:55:07][com.jizg.common.cache.CacheUtils]取到缓存对象，testCache1
[INFO] [2017-08-30 23:55:07][com.jizg.common.cache.TestCacheSafeLifeSecondTask]6  随机取得cache key:test443 ,cache value：jizg443
[INFO] [2017-08-30 23:55:23][com.jizg.common.cache.CacheUtils]取到缓存对象，testCache1
[INFO] [2017-08-30 23:55:23][com.jizg.common.cache.TestCacheSafeLifeSecondTask]10  随机取得cache key:test861 ,cache value：null
[INFO] [2017-08-30 23:55:33][com.jizg.common.cache.CacheUtils]取到缓存对象，testCache1
[INFO] [2017-08-30 23:55:33][com.jizg.common.cache.TestCacheSafeLifeSecondTask]11  随机取得cache key:test666 ,cache value：null
[INFO] [2017-08-30 23:56:07][com.jizg.common.cache.CacheUtils]取到缓存对象，testCache1
[INFO] [2017-08-30 23:56:07][com.jizg.common.cache.TestCacheSafeLifeSecondTask]7  随机取得cache key:test963 ,cache value：jizg963
[INFO] [2017-08-30 23:56:23][com.jizg.common.cache.CacheUtils]取到缓存对象，testCache1
[INFO] [2017-08-30 23:56:23][com.jizg.common.cache.TestCacheSafeLifeSecondTask]11  随机取得cache key:test696 ,cache value：null
[INFO] [2017-08-30 23:56:33][com.jizg.common.cache.CacheUtils]取到缓存对象，testCache1
[INFO] [2017-08-30 23:56:33][com.jizg.common.cache.TestCacheSafeLifeSecondTask]12  随机取得cache key:test661 ,cache value：null
[INFO] [2017-08-30 23:57:07][com.jizg.common.cache.CacheUtils]取到缓存对象，testCache1
[INFO] [2017-08-30 23:57:07][com.jizg.common.cache.TestCacheSafeLifeSecondTask]8  随机取得cache key:test362 ,cache value：null
[INFO] [2017-08-30 23:57:23][com.jizg.common.cache.CacheUtils]取到缓存对象，testCache1
[INFO] [2017-08-30 23:57:23][com.jizg.common.cache.TestCacheSafeLifeSecondTask]12  随机取得cache key:test196 ,cache value：null
[INFO] [2017-08-30 23:57:33][com.jizg.common.cache.CacheUtils]取到缓存对象，testCache1
[INFO] [2017-08-30 23:57:33][com.jizg.common.cache.TestCacheSafeLifeSecondTask]13  随机取得cache key:test617 ,cache value：null
[INFO] [2017-08-30 23:58:07][com.jizg.common.cache.CacheUtils]取到缓存对象，testCache1
[INFO] [2017-08-30 23:58:07][com.jizg.common.cache.TestCacheSafeLifeSecondTask]9  随机取得cache key:test110 ,cache value：null
[INFO] [2017-08-30 23:58:23][com.jizg.common.cache.CacheUtils]取到缓存对象，testCache1
[INFO] [2017-08-30 23:58:23][com.jizg.common.cache.TestCacheSafeLifeSecondTask]13  随机取得cache key:test938 ,cache value：null
[INFO] [2017-08-30 23:58:33][com.jizg.common.cache.CacheUtils]取到缓存对象，testCache1
[INFO] [2017-08-30 23:58:33][com.jizg.common.cache.TestCacheSafeLifeSecondTask]14  随机取得cache key:test944 ,cache value：null
[INFO] [2017-08-30 23:59:07][com.jizg.common.cache.CacheUtils]取到缓存对象，testCache1
[INFO] [2017-08-30 23:59:07][com.jizg.common.cache.TestCacheSafeLifeSecondTask]10  随机取得cache key:test278 ,cache value：null
[INFO] [2017-08-30 23:59:23][com.jizg.common.cache.CacheUtils]取到缓存对象，testCache1
[INFO] [2017-08-30 23:59:23][com.jizg.common.cache.TestCacheSafeLifeSecondTask]14  随机取得cache key:test970 ,cache value：null
[INFO] [2017-08-30 23:59:33][com.jizg.common.cache.CacheUtils]取到缓存对象，testCache1
[INFO] [2017-08-30 23:59:33][com.jizg.common.cache.TestCacheSafeLifeSecondTask]15  随机取得cache key:test757 ,cache value：null
[INFO] [2017-08-31 00:00:07][com.jizg.common.cache.CacheUtils]取到缓存对象，testCache1
[INFO] [2017-08-31 00:00:07][com.jizg.common.cache.TestCacheSafeLifeSecondTask]11  随机取得cache key:test36 ,cache value：null
[INFO] [2017-08-31 00:00:23][com.jizg.common.cache.CacheUtils]取到缓存对象，testCache1
[INFO] [2017-08-31 00:00:23][com.jizg.common.cache.TestCacheSafeLifeSecondTask]15  随机取得cache key:test384 ,cache value：null
[INFO] [2017-08-31 00:00:33][com.jizg.common.cache.CacheUtils]取到缓存对象，testCache1
[INFO] [2017-08-31 00:00:33][com.jizg.common.cache.TestCacheSafeLifeSecondTask]16  随机取得cache key:test933 ,cache value：null
[INFO] [2017-08-31 00:01:07][com.jizg.common.cache.CacheUtils]取到缓存对象，testCache1
[INFO] [2017-08-31 00:01:07][com.jizg.common.cache.TestCacheSafeLifeSecondTask]12  随机取得cache key:test537 ,cache value：null
[INFO] [2017-08-31 00:01:23][com.jizg.common.cache.CacheUtils]取到缓存对象，testCache1
[INFO] [2017-08-31 00:01:23][com.jizg.common.cache.TestCacheSafeLifeSecondTask]16  随机取得cache key:test631 ,cache value：null
[INFO] [2017-08-31 00:01:33][com.jizg.common.cache.CacheUtils]取到缓存对象，testCache1
[INFO] [2017-08-31 00:01:33][com.jizg.common.cache.TestCacheSafeLifeSecondTask]17  随机取得cache key:test595 ,cache value：null
[INFO] [2017-08-31 00:02:07][com.jizg.common.cache.CacheUtils]取到缓存对象，testCache1
[INFO] [2017-08-31 00:02:07][com.jizg.common.cache.TestCacheSafeLifeSecondTask]13  随机取得cache key:test218 ,cache value：null
[INFO] [2017-08-31 00:02:23][com.jizg.common.cache.CacheUtils]取到缓存对象，testCache1
[INFO] [2017-08-31 00:02:23][com.jizg.common.cache.TestCacheSafeLifeSecondTask]17  随机取得cache key:test103 ,cache value：null
[INFO] [2017-08-31 00:02:33][com.jizg.common.cache.CacheUtils]取到缓存对象，testCache1
[INFO] [2017-08-31 00:02:33][com.jizg.common.cache.TestCacheSafeLifeSecondTask]18  随机取得cache key:test852 ,cache value：null
[INFO] [2017-08-31 00:03:07][com.jizg.common.cache.CacheUtils]取到缓存对象，testCache1
[INFO] [2017-08-31 00:03:07][com.jizg.common.cache.TestCacheSafeLifeSecondTask]14  随机取得cache key:test192 ,cache value：null
[INFO] [2017-08-31 00:03:23][com.jizg.common.cache.CacheUtils]取到缓存对象，testCache1
[INFO] [2017-08-31 00:03:23][com.jizg.common.cache.TestCacheSafeLifeSecondTask]18  随机取得cache key:test77 ,cache value：null
[INFO] [2017-08-31 00:03:33][com.jizg.common.cache.CacheUtils]取到缓存对象，testCache1
[INFO] [2017-08-31 00:03:33][com.jizg.common.cache.TestCacheSafeLifeSecondTask]19  随机取得cache key:test459 ,cache value：null
[INFO] [2017-08-31 00:04:07][com.jizg.common.cache.CacheUtils]取到缓存对象，testCache1
[INFO] [2017-08-31 00:04:07][com.jizg.common.cache.TestCacheSafeLifeSecondTask]15  随机取得cache key:test142 ,cache value：null
[INFO] [2017-08-31 00:04:23][com.jizg.common.cache.CacheUtils]取到缓存对象，testCache1
[INFO] [2017-08-31 00:04:23][com.jizg.common.cache.TestCacheSafeLifeSecondTask]19  随机取得cache key:test249 ,cache value：null
[INFO] [2017-08-31 00:04:33][com.jizg.common.cache.CacheUtils]取到缓存对象，testCache1
[INFO] [2017-08-31 00:04:33][com.jizg.common.cache.TestCacheSafeLifeSecondTask]20  随机取得cache key:test351 ,cache value：null
[INFO] [2017-08-31 00:05:07][com.jizg.common.cache.CacheUtils]取到缓存对象，testCache1
[INFO] [2017-08-31 00:05:07][com.jizg.common.cache.TestCacheSafeLifeSecondTask]16  随机取得cache key:test678 ,cache value：null
[INFO] [2017-08-31 00:05:23][com.jizg.common.cache.CacheUtils]取到缓存对象，testCache1
[INFO] [2017-08-31 00:05:23][com.jizg.common.cache.TestCacheSafeLifeSecondTask]20  随机取得cache key:test213 ,cache value：null
[INFO] [2017-08-31 00:05:33][com.jizg.common.cache.CacheUtils]取到缓存对象，testCache1
[INFO] [2017-08-31 00:05:33][com.jizg.common.cache.TestCacheSafeLifeSecondTask]21  随机取得cache key:test622 ,cache value：null
[INFO] [2017-08-31 00:06:07][com.jizg.common.cache.CacheUtils]取到缓存对象，testCache1
[INFO] [2017-08-31 00:06:07][com.jizg.common.cache.TestCacheSafeLifeSecondTask]17  随机取得cache key:test320 ,cache value：null
[INFO] [2017-08-31 00:06:23][com.jizg.common.cache.CacheUtils]取到缓存对象，testCache1
[INFO] [2017-08-31 00:06:23][com.jizg.common.cache.TestCacheSafeLifeSecondTask]21  随机取得cache key:test615 ,cache value：null
[INFO] [2017-08-31 00:06:33][com.jizg.common.cache.CacheUtils]取到缓存对象，testCache1
[INFO] [2017-08-31 00:06:33][com.jizg.common.cache.TestCacheSafeLifeSecondTask]22  随机取得cache key:test327 ,cache value：null
[INFO] [2017-08-31 00:07:07][com.jizg.common.cache.CacheUtils]取到缓存对象，testCache1
[INFO] [2017-08-31 00:07:07][com.jizg.common.cache.TestCacheSafeLifeSecondTask]18  随机取得cache key:test219 ,cache value：null
[INFO] [2017-08-31 00:07:23][com.jizg.common.cache.CacheUtils]取到缓存对象，testCache1
[INFO] [2017-08-31 00:07:23][com.jizg.common.cache.TestCacheSafeLifeSecondTask]22  随机取得cache key:test479 ,cache value：null
[INFO] [2017-08-31 00:07:33][com.jizg.common.cache.CacheUtils]取到缓存对象，testCache1
[INFO] [2017-08-31 00:07:33][com.jizg.common.cache.TestCacheSafeLifeSecondTask]23  随机取得cache key:test609 ,cache value：null
[INFO] [2017-08-31 00:08:07][com.jizg.common.cache.CacheUtils]取到缓存对象，testCache1
[INFO] [2017-08-31 00:08:07][com.jizg.common.cache.TestCacheSafeLifeSecondTask]19  随机取得cache key:test855 ,cache value：null
[INFO] [2017-08-31 00:08:23][com.jizg.common.cache.CacheUtils]取到缓存对象，testCache1
[INFO] [2017-08-31 00:08:23][com.jizg.common.cache.TestCacheSafeLifeSecondTask]23  随机取得cache key:test109 ,cache value：null
[INFO] [2017-08-31 00:08:33][com.jizg.common.cache.CacheUtils]取到缓存对象，testCache1
[INFO] [2017-08-31 00:08:33][com.jizg.common.cache.TestCacheSafeLifeSecondTask]24  随机取得cache key:test157 ,cache value：null
[INFO] [2017-08-31 00:09:07][com.jizg.common.cache.CacheUtils]取到缓存对象，testCache1
[INFO] [2017-08-31 00:09:07][com.jizg.common.cache.TestCacheSafeLifeSecondTask]20  随机取得cache key:test63 ,cache value：null
[INFO] [2017-08-31 00:09:23][com.jizg.common.cache.CacheUtils]取到缓存对象，testCache1
[INFO] [2017-08-31 00:09:23][com.jizg.common.cache.TestCacheSafeLifeSecondTask]24  随机取得cache key:test771 ,cache value：null
[INFO] [2017-08-31 00:09:33][com.jizg.common.cache.CacheUtils]取到缓存对象，testCache1
[INFO] [2017-08-31 00:09:33][com.jizg.common.cache.TestCacheSafeLifeSecondTask]25  随机取得cache key:test928 ,cache value：null
[INFO] [2017-08-31 00:10:07][com.jizg.common.cache.CacheUtils]取到缓存对象，testCache1
[INFO] [2017-08-31 00:10:07][com.jizg.common.cache.TestCacheSafeLifeSecondTask]21  随机取得cache key:test326 ,cache value：null
[INFO] [2017-08-31 00:10:23][com.jizg.common.cache.CacheUtils]取到缓存对象，testCache1
[INFO] [2017-08-31 00:10:23][com.jizg.common.cache.TestCacheSafeLifeSecondTask]25  随机取得cache key:test30 ,cache value：null
[INFO] [2017-08-31 00:10:33][com.jizg.common.cache.CacheUtils]取到缓存对象，testCache1
[INFO] [2017-08-31 00:10:33][com.jizg.common.cache.TestCacheSafeLifeSecondTask]26  随机取得cache key:test521 ,cache value：null
[INFO] [2017-08-31 00:11:07][com.jizg.common.cache.CacheUtils]取到缓存对象，testCache1
[INFO] [2017-08-31 00:11:07][com.jizg.common.cache.TestCacheSafeLifeSecondTask]22  随机取得cache key:test969 ,cache value：null
[INFO] [2017-08-31 00:11:23][com.jizg.common.cache.CacheUtils]取到缓存对象，testCache1
[INFO] [2017-08-31 00:11:23][com.jizg.common.cache.TestCacheSafeLifeSecondTask]26  随机取得cache key:test829 ,cache value：null
[INFO] [2017-08-31 00:11:33][com.jizg.common.cache.CacheUtils]取到缓存对象，testCache1
[INFO] [2017-08-31 00:11:33][com.jizg.common.cache.TestCacheSafeLifeSecondTask]27  随机取得cache key:test943 ,cache value：null
[INFO] [2017-08-31 00:12:07][com.jizg.common.cache.CacheUtils]取到缓存对象，testCache1
[INFO] [2017-08-31 00:12:07][com.jizg.common.cache.TestCacheSafeLifeSecondTask]23  随机取得cache key:test241 ,cache value：null
[INFO] [2017-08-31 00:12:23][com.jizg.common.cache.CacheUtils]取到缓存对象，testCache1
[INFO] [2017-08-31 00:12:23][com.jizg.common.cache.TestCacheSafeLifeSecondTask]27  随机取得cache key:test924 ,cache value：null
[INFO] [2017-08-31 00:12:33][com.jizg.common.cache.CacheUtils]取到缓存对象，testCache1
[INFO] [2017-08-31 00:12:33][com.jizg.common.cache.TestCacheSafeLifeSecondTask]28  随机取得cache key:test19 ,cache value：null
[INFO] [2017-08-31 00:13:07][com.jizg.common.cache.CacheUtils]取到缓存对象，testCache1
[INFO] [2017-08-31 00:13:07][com.jizg.common.cache.TestCacheSafeLifeSecondTask]24  随机取得cache key:test261 ,cache value：null
[INFO] [2017-08-31 00:13:23][com.jizg.common.cache.CacheUtils]取到缓存对象，testCache1
[INFO] [2017-08-31 00:13:23][com.jizg.common.cache.TestCacheSafeLifeSecondTask]28  随机取得cache key:test570 ,cache value：null
[INFO] [2017-08-31 00:13:33][com.jizg.common.cache.CacheUtils]取到缓存对象，testCache1
[INFO] [2017-08-31 00:13:33][com.jizg.common.cache.TestCacheSafeLifeSecondTask]29  随机取得cache key:test234 ,cache value：null
[INFO] [2017-08-31 00:14:07][com.jizg.common.cache.CacheUtils]取到缓存对象，testCache1
[INFO] [2017-08-31 00:14:07][com.jizg.common.cache.TestCacheSafeLifeSecondTask]25  随机取得cache key:test996 ,cache value：null
[INFO] [2017-08-31 00:14:23][com.jizg.common.cache.CacheUtils]取到缓存对象，testCache1
[INFO] [2017-08-31 00:14:23][com.jizg.common.cache.TestCacheSafeLifeSecondTask]29  随机取得cache key:test938 ,cache value：null
[INFO] [2017-08-31 00:14:33][com.jizg.common.cache.CacheUtils]取到缓存对象，testCache1
[INFO] [2017-08-31 00:14:33][com.jizg.common.cache.TestCacheSafeLifeSecondTask]30  随机取得cache key:test757 ,cache value：null
[INFO] [2017-08-31 00:15:07][com.jizg.common.cache.CacheUtils]取到缓存对象，testCache1
[INFO] [2017-08-31 00:15:07][com.jizg.common.cache.TestCacheSafeLifeSecondTask]26  随机取得cache key:test835 ,cache value：null
